  WindowsProject2.cpp
D:\Visual Studio Apps\System programming\WindowsProject2\WindowsProject2\WindowsProject2.cpp(146,68): warning C4244: =: преобразование "LONG" в "FLOAT", возможна потеря данных
D:\Visual Studio Apps\System programming\WindowsProject2\WindowsProject2\WindowsProject2.cpp(147,44): warning C4244: =: преобразование "LONG" в "FLOAT", возможна потеря данных
D:\Visual Studio Apps\System programming\WindowsProject2\WindowsProject2\WindowsProject2.cpp(147,77): warning C4244: =: преобразование "LONG" в "FLOAT", возможна потеря данных
D:\Visual Studio Apps\System programming\WindowsProject2\WindowsProject2\WindowsProject2.cpp(149,52): warning C4244: =: преобразование "LONG" в "FLOAT", возможна потеря данных
D:\Visual Studio Apps\System programming\WindowsProject2\WindowsProject2\WindowsProject2.cpp(150,52): warning C4244: =: преобразование "LONG" в "FLOAT", возможна потеря данных
D:\Visual Studio Apps\System programming\WindowsProject2\WindowsProject2\WindowsProject2.cpp(150,72): warning C4244: =: преобразование "LONG" в "FLOAT", возможна потеря данных
D:\Visual Studio Apps\System programming\WindowsProject2\WindowsProject2\WindowsProject2.cpp(154,53): warning C4244: =: преобразование "LONG" в "FLOAT", возможна потеря данных
D:\Visual Studio Apps\System programming\WindowsProject2\WindowsProject2\WindowsProject2.cpp(155,60): warning C4244: =: преобразование "int" в "FLOAT", возможна потеря данных
D:\Visual Studio Apps\System programming\WindowsProject2\WindowsProject2\WindowsProject2.cpp(158,57): warning C4244: =: преобразование "LONG" в "FLOAT", возможна потеря данных
D:\Visual Studio Apps\System programming\WindowsProject2\WindowsProject2\WindowsProject2.cpp(159,64): warning C4244: =: преобразование "int" в "FLOAT", возможна потеря данных
D:\Visual Studio Apps\System programming\WindowsProject2\WindowsProject2\WindowsProject2.cpp(195,68): warning C4244: =: преобразование "LONG" в "FLOAT", возможна потеря данных
D:\Visual Studio Apps\System programming\WindowsProject2\WindowsProject2\WindowsProject2.cpp(196,44): warning C4244: =: преобразование "LONG" в "FLOAT", возможна потеря данных
D:\Visual Studio Apps\System programming\WindowsProject2\WindowsProject2\WindowsProject2.cpp(196,77): warning C4244: =: преобразование "LONG" в "FLOAT", возможна потеря данных
D:\Visual Studio Apps\System programming\WindowsProject2\WindowsProject2\WindowsProject2.cpp(198,52): warning C4244: =: преобразование "LONG" в "FLOAT", возможна потеря данных
D:\Visual Studio Apps\System programming\WindowsProject2\WindowsProject2\WindowsProject2.cpp(199,52): warning C4244: =: преобразование "LONG" в "FLOAT", возможна потеря данных
D:\Visual Studio Apps\System programming\WindowsProject2\WindowsProject2\WindowsProject2.cpp(199,72): warning C4244: =: преобразование "LONG" в "FLOAT", возможна потеря данных
D:\Visual Studio Apps\System programming\WindowsProject2\WindowsProject2\WindowsProject2.cpp(203,53): warning C4244: =: преобразование "LONG" в "FLOAT", возможна потеря данных
D:\Visual Studio Apps\System programming\WindowsProject2\WindowsProject2\WindowsProject2.cpp(204,50): warning C4244: =: преобразование "LONG" в "FLOAT", возможна потеря данных
D:\Visual Studio Apps\System programming\WindowsProject2\WindowsProject2\WindowsProject2.cpp(207,54): warning C4244: =: преобразование "LONG" в "FLOAT", возможна потеря данных
D:\Visual Studio Apps\System programming\WindowsProject2\WindowsProject2\WindowsProject2.cpp(208,51): warning C4244: =: преобразование "LONG" в "FLOAT", возможна потеря данных
D:\Visual Studio Apps\System programming\WindowsProject2\WindowsProject2\WindowsProject2.cpp(244,68): warning C4244: =: преобразование "LONG" в "FLOAT", возможна потеря данных
D:\Visual Studio Apps\System programming\WindowsProject2\WindowsProject2\WindowsProject2.cpp(245,44): warning C4244: =: преобразование "LONG" в "FLOAT", возможна потеря данных
D:\Visual Studio Apps\System programming\WindowsProject2\WindowsProject2\WindowsProject2.cpp(245,77): warning C4244: =: преобразование "LONG" в "FLOAT", возможна потеря данных
D:\Visual Studio Apps\System programming\WindowsProject2\WindowsProject2\WindowsProject2.cpp(247,52): warning C4244: =: преобразование "LONG" в "FLOAT", возможна потеря данных
D:\Visual Studio Apps\System programming\WindowsProject2\WindowsProject2\WindowsProject2.cpp(248,52): warning C4244: =: преобразование "LONG" в "FLOAT", возможна потеря данных
D:\Visual Studio Apps\System programming\WindowsProject2\WindowsProject2\WindowsProject2.cpp(248,72): warning C4244: =: преобразование "LONG" в "FLOAT", возможна потеря данных
D:\Visual Studio Apps\System programming\WindowsProject2\WindowsProject2\WindowsProject2.cpp(251,49): warning C4244: =: преобразование "LONG" в "FLOAT", возможна потеря данных
D:\Visual Studio Apps\System programming\WindowsProject2\WindowsProject2\WindowsProject2.cpp(252,50): warning C4244: =: преобразование "LONG" в "FLOAT", возможна потеря данных
D:\Visual Studio Apps\System programming\WindowsProject2\WindowsProject2\WindowsProject2.cpp(255,54): warning C4244: =: преобразование "LONG" в "FLOAT", возможна потеря данных
D:\Visual Studio Apps\System programming\WindowsProject2\WindowsProject2\WindowsProject2.cpp(256,55): warning C4244: =: преобразование "double" в "FLOAT", возможна потеря данных
D:\Visual Studio Apps\System programming\WindowsProject2\WindowsProject2\WindowsProject2.cpp(292,68): warning C4244: =: преобразование "LONG" в "FLOAT", возможна потеря данных
D:\Visual Studio Apps\System programming\WindowsProject2\WindowsProject2\WindowsProject2.cpp(293,44): warning C4244: =: преобразование "LONG" в "FLOAT", возможна потеря данных
D:\Visual Studio Apps\System programming\WindowsProject2\WindowsProject2\WindowsProject2.cpp(293,77): warning C4244: =: преобразование "LONG" в "FLOAT", возможна потеря данных
D:\Visual Studio Apps\System programming\WindowsProject2\WindowsProject2\WindowsProject2.cpp(295,52): warning C4244: =: преобразование "LONG" в "FLOAT", возможна потеря данных
D:\Visual Studio Apps\System programming\WindowsProject2\WindowsProject2\WindowsProject2.cpp(296,52): warning C4244: =: преобразование "LONG" в "FLOAT", возможна потеря данных
D:\Visual Studio Apps\System programming\WindowsProject2\WindowsProject2\WindowsProject2.cpp(296,72): warning C4244: =: преобразование "LONG" в "FLOAT", возможна потеря данных
D:\Visual Studio Apps\System programming\WindowsProject2\WindowsProject2\WindowsProject2.cpp(300,49): warning C4244: =: преобразование "LONG" в "FLOAT", возможна потеря данных
D:\Visual Studio Apps\System programming\WindowsProject2\WindowsProject2\WindowsProject2.cpp(301,50): warning C4244: =: преобразование "LONG" в "FLOAT", возможна потеря данных
D:\Visual Studio Apps\System programming\WindowsProject2\WindowsProject2\WindowsProject2.cpp(304,57): warning C4244: =: преобразование "LONG" в "FLOAT", возможна потеря данных
D:\Visual Studio Apps\System programming\WindowsProject2\WindowsProject2\WindowsProject2.cpp(305,64): warning C4244: =: преобразование "int" в "FLOAT", возможна потеря данных
D:\Visual Studio Apps\System programming\WindowsProject2\WindowsProject2\WindowsProject2.cpp(310,57): warning C4244: =: преобразование "LONG" в "FLOAT", возможна потеря данных
D:\Visual Studio Apps\System programming\WindowsProject2\WindowsProject2\WindowsProject2.cpp(311,64): warning C4244: =: преобразование "int" в "FLOAT", возможна потеря данных
  WindowsProject2.vcxproj -> D:\Visual Studio Apps\System programming\WindowsProject2\Debug\WindowsProject2.exe
